0 info it worked if it ends with ok
1 verbose cli [ 'C:\\Program Files\\nodejs\\node.exe',
1 verbose cli   'C:\\Program Files\\nodejs\\node_modules\\npm\\bin\\npm-cli.js',
1 verbose cli   'run',
1 verbose cli   'css' ]
2 info using npm@3.10.10
3 info using node@v6.9.4
4 verbose run-script [ 'precss', 'css', 'postcss' ]
5 info lifecycle wpsass@1.0.0~precss: wpsass@1.0.0
6 silly lifecycle wpsass@1.0.0~precss: no script for precss, continuing
7 info lifecycle wpsass@1.0.0~css: wpsass@1.0.0
8 verbose lifecycle wpsass@1.0.0~css: unsafe-perm in lifecycle true
9 verbose lifecycle wpsass@1.0.0~css: PATH: C:\Program Files\nodejs\node_modules\npm\bin\node-gyp-bin;C:\xampp\htdocs\reddy\node_modules\.bin;C:\xampp\htdocs\reddy/node_modules/.bin:C:\Program Files\nodejs\node_modules\npm\bin\node-gyp-bin;C:\xampp\htdocs\reddy\node_modules\.bin;C:\Users\Ryan\bin;C:\Program Files\Git\mingw64\bin;C:\Program Files\Git\usr\local\bin;C:\Program Files\Git\usr\bin;C:\Program Files\Git\usr\bin;C:\Program Files\Git\mingw64\bin;C:\Program Files\Git\usr\bin;C:\Users\Ryan\bin;C:\Program Files (x86)\Lenovo\FusionEngine;C:\Program Files (x86)\Intel\TXE Components\TCS;C:\Program Files\Intel\TXE Components\TCS;C:\WINDOWS\system32;C:\WINDOWS;C:\WINDOWS\System32\Wbem;C:\WINDOWS\System32\WindowsPowerShell\v1.0;C:\Program Files\Intel\WiFi\bin;C:\Program Files\Common Files\Intel\WirelessCommon;C:\Program Files (x86)\Common Files\lenovo\easyplussdk\bin;C:\Program Files\nodejs;C:\WINDOWS\System32\OpenSSH;C:\Program Files\Git\cmd;C:\Ruby23\bin;C:\Users\Ryan\AppData\Local\atom\bin;C:\Users\Ryan\AppData\Local\Microsoft\WindowsApps;C:\Users\Ryan\AppData\Roaming\npm;C:\Program Files\Microsoft VS Code\bin;C:\Users\Ryan\AppData\Local\GitHubDesktop\bin;C:\Program Files\Git\usr\bin\vendor_perl;C:\Program Files\Git\usr\bin\core_perl
10 verbose lifecycle wpsass@1.0.0~css: CWD: C:\xampp\htdocs\reddy
11 silly lifecycle wpsass@1.0.0~css: Args: [ '/d /s /c',
11 silly lifecycle   'node-sass --output-style compressed --include-path scss assets/css/source.scss style.css' ]
12 silly lifecycle wpsass@1.0.0~css: Returned: code: 1  signal: null
13 info lifecycle wpsass@1.0.0~css: Failed to exec css script
14 verbose stack Error: wpsass@1.0.0 css: `node-sass --output-style compressed --include-path scss assets/css/source.scss style.css`
14 verbose stack Exit status 1
14 verbose stack     at EventEmitter.<anonymous> (C:\Program Files\nodejs\node_modules\npm\lib\utils\lifecycle.js:255:16)
14 verbose stack     at emitTwo (events.js:106:13)
14 verbose stack     at EventEmitter.emit (events.js:191:7)
14 verbose stack     at ChildProcess.<anonymous> (C:\Program Files\nodejs\node_modules\npm\lib\utils\spawn.js:40:14)
14 verbose stack     at emitTwo (events.js:106:13)
14 verbose stack     at ChildProcess.emit (events.js:191:7)
14 verbose stack     at maybeClose (internal/child_process.js:877:16)
14 verbose stack     at Process.ChildProcess._handle.onexit (internal/child_process.js:226:5)
15 verbose pkgid wpsass@1.0.0
16 verbose cwd C:\xampp\htdocs\reddy
17 error Windows_NT 10.0.17134
18 error argv "C:\\Program Files\\nodejs\\node.exe" "C:\\Program Files\\nodejs\\node_modules\\npm\\bin\\npm-cli.js" "run" "css"
19 error node v6.9.4
20 error npm  v3.10.10
21 error code ELIFECYCLE
22 error wpsass@1.0.0 css: `node-sass --output-style compressed --include-path scss assets/css/source.scss style.css`
22 error Exit status 1
23 error Failed at the wpsass@1.0.0 css script 'node-sass --output-style compressed --include-path scss assets/css/source.scss style.css'.
23 error Make sure you have the latest version of node.js and npm installed.
23 error If you do, this is most likely a problem with the wpsass package,
23 error not with npm itself.
23 error Tell the author that this fails on your system:
23 error     node-sass --output-style compressed --include-path scss assets/css/source.scss style.css
23 error You can get information on how to open an issue for this project with:
23 error     npm bugs wpsass
23 error Or if that isn't available, you can get their info via:
23 error     npm owner ls wpsass
23 error There is likely additional logging output above.
24 verbose exit [ 1, true ]
